[INFO] Scanning for projects...
[INFO] 
[INFO] --------------------< org.apache.hive:hive-common >---------------------
[INFO] Building Hive Common 4.0.0-SNAPSHOT
[INFO] --------------------------------[ jar ]---------------------------------
[INFO] 
[INFO] --- maven-enforcer-plugin:1.3.1:enforce (enforce-no-snapshots) @ hive-common ---
[INFO] 
[INFO] --- maven-enforcer-plugin:1.3.1:enforce (enforce-banned-dependencies-licenses) @ hive-common ---
[INFO] 
[INFO] --- maven-enforcer-plugin:1.3.1:enforce (enforce-banned-dependencies-logging) @ hive-common ---
[INFO] 
[INFO] --- maven-antrun-plugin:1.7:run (generate-version-annotation) @ hive-common ---
[INFO] Executing tasks

main:
[INFO] Executed tasks
[INFO] 
[INFO] --- build-helper-maven-plugin:1.8:add-source (add-source) @ hive-common ---
[INFO] Source directory: /Users/gates/git/hive/common/src/gen added.
[INFO] 
[INFO] --- maven-remote-resources-plugin:1.5:process (process-resource-bundles) @ hive-common ---
[INFO] 
[INFO] --- maven-resources-plugin:2.7:resources (default-resources) @ hive-common ---
[INFO] Using 'UTF-8' encoding to copy filtered resources.
[INFO] Copying 2 resources
[INFO] Copying 3 resources
[INFO] 
[INFO] --- maven-antrun-plugin:1.7:run (define-classpath) @ hive-common ---
[INFO] Executing tasks

main:
[INFO] Executed tasks
[INFO] 
[INFO] --- maven-compiler-plugin:3.6.1:compile (default-compile) @ hive-common ---
[INFO] Compiling 2 source files to /Users/gates/git/hive/common/target/classes
[INFO] 
[INFO] --- maven-resources-plugin:2.7:testResources (default-testResources) @ hive-common ---
[INFO] Using 'UTF-8' encoding to copy filtered resources.
[INFO] Copying 2 resources
[INFO] Copying 3 resources
[INFO] 
[INFO] --- maven-antrun-plugin:1.7:run (setup-test-dirs) @ hive-common ---
[INFO] Executing tasks

main:
   [delete] Deleting directory /Users/gates/git/hive/common/target/tmp
   [delete] Deleting directory /Users/gates/git/hive/common/target/testconf
   [delete] Deleting directory /Users/gates/git/hive/common/target/warehouse
    [mkdir] Created dir: /Users/gates/git/hive/common/target/tmp
    [mkdir] Created dir: /Users/gates/git/hive/common/target/warehouse
    [mkdir] Created dir: /Users/gates/git/hive/common/target/testconf
     [copy] Copying 19 files to /Users/gates/git/hive/common/target/testconf
[INFO] Executed tasks
[INFO] 
[INFO] --- maven-compiler-plugin:3.6.1:testCompile (default-testCompile) @ hive-common ---
[INFO] Compiling 2 source files to /Users/gates/git/hive/common/target/test-classes
[INFO] /Users/gates/git/hive/common/src/test/org/apache/hadoop/hive/conf/TestHiveConf.java: /Users/gates/git/hive/common/src/test/org/apache/hadoop/hive/conf/TestHiveConf.java uses or overrides a deprecated API.
[INFO] /Users/gates/git/hive/common/src/test/org/apache/hadoop/hive/conf/TestHiveConf.java: Recompile with -Xlint:deprecation for details.
[INFO] 
[INFO] --- maven-surefire-plugin:2.21.0:test (default-test) @ hive-common ---
[INFO] 
[INFO] -------------------------------------------------------
[INFO]  T E S T S
[INFO] -------------------------------------------------------
[INFO] Running org.apache.hadoop.hive.common.format.datetime.TestHiveSqlDateTimeFormatter
[INFO] Tests run: 11, Failures: 0, Errors: 0, Skipped: 0, Time elapsed: 0.059 s - in org.apache.hadoop.hive.common.format.datetime.TestHiveSqlDateTimeFormatter
[INFO] Running org.apache.hadoop.hive.common.jsonexplain.TestOp
[INFO] Tests run: 1, Failures: 0, Errors: 0, Skipped: 0, Time elapsed: 1.239 s - in org.apache.hadoop.hive.common.jsonexplain.TestOp
[INFO] Running org.apache.hadoop.hive.common.jsonexplain.TestStage
[INFO] Tests run: 9, Failures: 0, Errors: 0, Skipped: 0, Time elapsed: 0.763 s - in org.apache.hadoop.hive.common.jsonexplain.TestStage
[INFO] Running org.apache.hadoop.hive.common.jsonexplain.TestVertex
[INFO] Tests run: 5, Failures: 0, Errors: 0, Skipped: 0, Time elapsed: 0.742 s - in org.apache.hadoop.hive.common.jsonexplain.TestVertex
[INFO] Running org.apache.hadoop.hive.common.jsonexplain.tez.TestTezJsonParser
[INFO] Tests run: 1, Failures: 0, Errors: 0, Skipped: 0, Time elapsed: 0.686 s - in org.apache.hadoop.hive.common.jsonexplain.tez.TestTezJsonParser
[INFO] Running org.apache.hadoop.hive.common.metrics.metrics2.TestCodahaleMetrics
[INFO] Tests run: 6, Failures: 0, Errors: 0, Skipped: 0, Time elapsed: 2.632 s - in org.apache.hadoop.hive.common.metrics.metrics2.TestCodahaleMetrics
[INFO] Running org.apache.hadoop.hive.common.metrics.metrics2.TestCodahaleReportersConf
[INFO] Tests run: 3, Failures: 0, Errors: 0, Skipped: 0, Time elapsed: 3.6 s - in org.apache.hadoop.hive.common.metrics.metrics2.TestCodahaleReportersConf
[INFO] Running org.apache.hadoop.hive.common.metrics.metrics2.TestMetricVariableRatioGauge
[INFO] Tests run: 6, Failures: 0, Errors: 0, Skipped: 0, Time elapsed: 1.827 s - in org.apache.hadoop.hive.common.metrics.metrics2.TestMetricVariableRatioGauge
[INFO] Running org.apache.hadoop.hive.common.metrics.TestLegacyMetrics
[INFO] Tests run: 4, Failures: 0, Errors: 0, Skipped: 0, Time elapsed: 1.723 s - in org.apache.hadoop.hive.common.metrics.TestLegacyMetrics
[INFO] Running org.apache.hadoop.hive.common.TestBlobStorageUtils
[INFO] Tests run: 3, Failures: 0, Errors: 0, Skipped: 0, Time elapsed: 1.13 s - in org.apache.hadoop.hive.common.TestBlobStorageUtils
[INFO] Running org.apache.hadoop.hive.common.TestFileUtils
[INFO] Tests run: 12, Failures: 0, Errors: 0, Skipped: 0, Time elapsed: 1.915 s - in org.apache.hadoop.hive.common.TestFileUtils
[INFO] Running org.apache.hadoop.hive.common.TestLogUtils
[INFO] Tests run: 1, Failures: 0, Errors: 0, Skipped: 0, Time elapsed: 0.7 s - in org.apache.hadoop.hive.common.TestLogUtils
[INFO] Running org.apache.hadoop.hive.common.TestTezJsonParser
[INFO] Tests run: 1, Failures: 0, Errors: 0, Skipped: 0, Time elapsed: 0.752 s - in org.apache.hadoop.hive.common.TestTezJsonParser
[INFO] Running org.apache.hadoop.hive.common.type.TestDecimal128
[INFO] Tests run: 26, Failures: 0, Errors: 0, Skipped: 0, Time elapsed: 2.38 s - in org.apache.hadoop.hive.common.type.TestDecimal128
[INFO] Running org.apache.hadoop.hive.common.type.TestHiveBaseChar
[INFO] Tests run: 2, Failures: 0, Errors: 0, Skipped: 0, Time elapsed: 0.083 s - in org.apache.hadoop.hive.common.type.TestHiveBaseChar
[INFO] Running org.apache.hadoop.hive.common.type.TestHiveChar
[INFO] Tests run: 3, Failures: 0, Errors: 0, Skipped: 0, Time elapsed: 0.254 s - in org.apache.hadoop.hive.common.type.TestHiveChar
[INFO] Running org.apache.hadoop.hive.common.type.TestHiveDecimalOrcSerializationUtils
[INFO] Tests run: 8, Failures: 0, Errors: 0, Skipped: 0, Time elapsed: 0.604 s - in org.apache.hadoop.hive.common.type.TestHiveDecimalOrcSerializationUtils
[INFO] Running org.apache.hadoop.hive.common.type.TestHiveIntervalDayTime
[INFO] Tests run: 5, Failures: 0, Errors: 0, Skipped: 0, Time elapsed: 0.637 s - in org.apache.hadoop.hive.common.type.TestHiveIntervalDayTime
[INFO] Running org.apache.hadoop.hive.common.type.TestHiveIntervalYearMonth
[INFO] Tests run: 5, Failures: 0, Errors: 0, Skipped: 0, Time elapsed: 0.478 s - in org.apache.hadoop.hive.common.type.TestHiveIntervalYearMonth
[INFO] Running org.apache.hadoop.hive.common.type.TestHiveVarchar
[INFO] Tests run: 2, Failures: 0, Errors: 0, Skipped: 0, Time elapsed: 0.249 s - in org.apache.hadoop.hive.common.type.TestHiveVarchar
[INFO] Running org.apache.hadoop.hive.common.type.TestSignedInt128
[INFO] Tests run: 16, Failures: 0, Errors: 0, Skipped: 0, Time elapsed: 0.095 s - in org.apache.hadoop.hive.common.type.TestSignedInt128
[INFO] Running org.apache.hadoop.hive.common.type.TestSqlMathUtil
[INFO] Tests run: 1, Failures: 0, Errors: 0, Skipped: 0, Time elapsed: 0.079 s - in org.apache.hadoop.hive.common.type.TestSqlMathUtil
[INFO] Running org.apache.hadoop.hive.common.type.TestTimestampTZ
[INFO] Tests run: 8, Failures: 0, Errors: 0, Skipped: 0, Time elapsed: 0.747 s - in org.apache.hadoop.hive.common.type.TestTimestampTZ
[INFO] Running org.apache.hadoop.hive.common.type.TestUnsignedInt128
[INFO] Tests run: 19, Failures: 0, Errors: 0, Skipped: 0, Time elapsed: 0.093 s - in org.apache.hadoop.hive.common.type.TestUnsignedInt128
[INFO] Running org.apache.hadoop.hive.conf.TestHiveAsyncLogging
[INFO] Tests run: 1, Failures: 0, Errors: 0, Skipped: 0, Time elapsed: 1.395 s - in org.apache.hadoop.hive.conf.TestHiveAsyncLogging
[INFO] Running org.apache.hadoop.hive.conf.TestHiveConf
[ERROR] Tests run: 10, Failures: 1, Errors: 0, Skipped: 0, Time elapsed: 1.643 s <<< FAILURE! - in org.apache.hadoop.hive.conf.TestHiveConf
[ERROR] failingTest(org.apache.hadoop.hive.conf.TestHiveConf)  Time elapsed: 0.007 s  <<< FAILURE!
java.lang.AssertionError: expected:<1> but was:<0>
	at org.junit.Assert.fail(Assert.java:88)
	at org.junit.Assert.failNotEquals(Assert.java:743)
	at org.junit.Assert.assertEquals(Assert.java:118)
	at org.junit.Assert.assertEquals(Assert.java:555)
	at org.junit.Assert.assertEquals(Assert.java:542)
	at org.apache.hadoop.hive.conf.TestHiveConf.failingTest(TestHiveConf.java:198)
	at sun.reflect.NativeMethodAccessorImpl.invoke0(Native Method)
	at sun.reflect.NativeMethodAccessorImpl.invoke(NativeMethodAccessorImpl.java:62)
	at sun.reflect.DelegatingMethodAccessorImpl.invoke(DelegatingMethodAccessorImpl.java:43)
	at java.lang.reflect.Method.invoke(Method.java:498)
	at org.junit.runners.model.FrameworkMethod$1.runReflectiveCall(FrameworkMethod.java:47)
	at org.junit.internal.runners.model.ReflectiveCallable.run(ReflectiveCallable.java:12)
	at org.junit.runners.model.FrameworkMethod.invokeExplosively(FrameworkMethod.java:44)
	at org.junit.internal.runners.statements.InvokeMethod.evaluate(InvokeMethod.java:17)
	at org.junit.runners.ParentRunner.runLeaf(ParentRunner.java:271)
	at org.junit.runners.BlockJUnit4ClassRunner.runChild(BlockJUnit4ClassRunner.java:70)
	at org.junit.runners.BlockJUnit4ClassRunner.runChild(BlockJUnit4ClassRunner.java:50)
	at org.junit.runners.ParentRunner$3.run(ParentRunner.java:238)
	at org.junit.runners.ParentRunner$1.schedule(ParentRunner.java:63)
	at org.junit.runners.ParentRunner.runChildren(ParentRunner.java:236)
	at org.junit.runners.ParentRunner.access$000(ParentRunner.java:53)
	at org.junit.runners.ParentRunner$2.evaluate(ParentRunner.java:229)
	at org.junit.runners.ParentRunner.run(ParentRunner.java:309)
	at org.apache.maven.surefire.junit4.JUnit4Provider.execute(JUnit4Provider.java:365)
	at org.apache.maven.surefire.junit4.JUnit4Provider.executeWithRerun(JUnit4Provider.java:273)
	at org.apache.maven.surefire.junit4.JUnit4Provider.executeTestSet(JUnit4Provider.java:238)
	at org.apache.maven.surefire.junit4.JUnit4Provider.invoke(JUnit4Provider.java:159)
	at org.apache.maven.surefire.booter.ForkedBooter.invokeProviderInSameClassLoader(ForkedBooter.java:379)
	at org.apache.maven.surefire.booter.ForkedBooter.runSuitesInProcess(ForkedBooter.java:340)
	at org.apache.maven.surefire.booter.ForkedBooter.execute(ForkedBooter.java:125)
	at org.apache.maven.surefire.booter.ForkedBooter.main(ForkedBooter.java:413)

[INFO] Running org.apache.hadoop.hive.conf.TestHiveConfRestrictList
[INFO] Tests run: 4, Failures: 0, Errors: 0, Skipped: 0, Time elapsed: 1.387 s - in org.apache.hadoop.hive.conf.TestHiveConfRestrictList
[INFO] Running org.apache.hadoop.hive.conf.TestHiveConfUtil
[ERROR] Tests run: 4, Failures: 0, Errors: 1, Skipped: 0, Time elapsed: 1.455 s <<< FAILURE! - in org.apache.hadoop.hive.conf.TestHiveConfUtil
[ERROR] testError(org.apache.hadoop.hive.conf.TestHiveConfUtil)  Time elapsed: 0.004 s  <<< ERROR!
java.lang.ArrayIndexOutOfBoundsException: 32
	at org.apache.hadoop.hive.conf.TestHiveConfUtil.testError(TestHiveConfUtil.java:60)
	at sun.reflect.NativeMethodAccessorImpl.invoke0(Native Method)
	at sun.reflect.NativeMethodAccessorImpl.invoke(NativeMethodAccessorImpl.java:62)
	at sun.reflect.DelegatingMethodAccessorImpl.invoke(DelegatingMethodAccessorImpl.java:43)
	at java.lang.reflect.Method.invoke(Method.java:498)
	at org.junit.runners.model.FrameworkMethod$1.runReflectiveCall(FrameworkMethod.java:47)
	at org.junit.internal.runners.model.ReflectiveCallable.run(ReflectiveCallable.java:12)
	at org.junit.runners.model.FrameworkMethod.invokeExplosively(FrameworkMethod.java:44)
	at org.junit.internal.runners.statements.InvokeMethod.evaluate(InvokeMethod.java:17)
	at org.junit.internal.runners.statements.RunBefores.evaluate(RunBefores.java:26)
	at org.junit.runners.ParentRunner.runLeaf(ParentRunner.java:271)
	at org.junit.runners.BlockJUnit4ClassRunner.runChild(BlockJUnit4ClassRunner.java:70)
	at org.junit.runners.BlockJUnit4ClassRunner.runChild(BlockJUnit4ClassRunner.java:50)
	at org.junit.runners.ParentRunner$3.run(ParentRunner.java:238)
	at org.junit.runners.ParentRunner$1.schedule(ParentRunner.java:63)
	at org.junit.runners.ParentRunner.runChildren(ParentRunner.java:236)
	at org.junit.runners.ParentRunner.access$000(ParentRunner.java:53)
	at org.junit.runners.ParentRunner$2.evaluate(ParentRunner.java:229)
	at org.junit.runners.ParentRunner.run(ParentRunner.java:309)
	at org.apache.maven.surefire.junit4.JUnit4Provider.execute(JUnit4Provider.java:365)
	at org.apache.maven.surefire.junit4.JUnit4Provider.executeWithRerun(JUnit4Provider.java:273)
	at org.apache.maven.surefire.junit4.JUnit4Provider.executeTestSet(JUnit4Provider.java:238)
	at org.apache.maven.surefire.junit4.JUnit4Provider.invoke(JUnit4Provider.java:159)
	at org.apache.maven.surefire.booter.ForkedBooter.invokeProviderInSameClassLoader(ForkedBooter.java:379)
	at org.apache.maven.surefire.booter.ForkedBooter.runSuitesInProcess(ForkedBooter.java:340)
	at org.apache.maven.surefire.booter.ForkedBooter.execute(ForkedBooter.java:125)
	at org.apache.maven.surefire.booter.ForkedBooter.main(ForkedBooter.java:413)

[INFO] Running org.apache.hadoop.hive.conf.TestHiveLogging
[INFO] Tests run: 1, Failures: 0, Errors: 0, Skipped: 0, Time elapsed: 1.454 s - in org.apache.hadoop.hive.conf.TestHiveLogging
[INFO] Running org.apache.hadoop.hive.conf.TestSystemVariables
[INFO] Tests run: 4, Failures: 0, Errors: 0, Skipped: 0, Time elapsed: 0.774 s - in org.apache.hadoop.hive.conf.TestSystemVariables
[INFO] Running org.apache.hadoop.hive.conf.TestVariableSubstitution
[INFO] Tests run: 1, Failures: 0, Errors: 0, Skipped: 0, Time elapsed: 1.334 s - in org.apache.hadoop.hive.conf.TestVariableSubstitution
[INFO] Running org.apache.hive.common.util.TestACLConfigurationParser
[INFO] Tests run: 1, Failures: 0, Errors: 0, Skipped: 0, Time elapsed: 0.764 s - in org.apache.hive.common.util.TestACLConfigurationParser
[INFO] Running org.apache.hive.common.util.TestDateParser
[INFO] Tests run: 2, Failures: 0, Errors: 0, Skipped: 0, Time elapsed: 0.087 s - in org.apache.hive.common.util.TestDateParser
[INFO] Running org.apache.hive.common.util.TestFixedSizedObjectPool
[INFO] Tests run: 8, Failures: 0, Errors: 0, Skipped: 0, Time elapsed: 1.11 s - in org.apache.hive.common.util.TestFixedSizedObjectPool
[INFO] Running org.apache.hive.common.util.TestHiveStringUtils
[INFO] Tests run: 3, Failures: 0, Errors: 0, Skipped: 0, Time elapsed: 0.101 s - in org.apache.hive.common.util.TestHiveStringUtils
[INFO] Running org.apache.hive.common.util.TestRetryUtilities
[INFO] Tests run: 8, Failures: 0, Errors: 0, Skipped: 0, Time elapsed: 0.946 s - in org.apache.hive.common.util.TestRetryUtilities
[INFO] Running org.apache.hive.common.util.TestShutdownHookManager
[INFO] Tests run: 1, Failures: 0, Errors: 0, Skipped: 0, Time elapsed: 0.899 s - in org.apache.hive.common.util.TestShutdownHookManager
[INFO] Running org.apache.hive.common.util.TestTimestampParser
[INFO] Tests run: 12, Failures: 0, Errors: 0, Skipped: 0, Time elapsed: 0.773 s - in org.apache.hive.common.util.TestTimestampParser
[INFO] 
[INFO] Results:
[INFO] 
[ERROR] Failures: 
[ERROR]   TestHiveConf.failingTest:198 expected:<1> but was:<0>
[ERROR] Errors: 
[ERROR]   TestHiveConfUtil.testError:60 ArrayIndexOutOfBounds 32
[INFO] 
[ERROR] Tests run: 218, Failures: 1, Errors: 1, Skipped: 0
[INFO] 
[INFO] ------------------------------------------------------------------------
[INFO] BUILD FAILURE
[INFO] ------------------------------------------------------------------------
[INFO] Total time:  01:19 min
[INFO] Finished at: 2019-11-26T17:08:13-08:00
[INFO] ------------------------------------------------------------------------
[ERROR] Failed to execute goal org.apache.maven.plugins:maven-surefire-plugin:2.21.0:test (default-test) on project hive-common: There are test failures.
[ERROR] 
[ERROR] Please refer to /Users/gates/git/hive/common/target/surefire-reports for the individual test results.
[ERROR] Please refer to dump files (if any exist) [date]-jvmRun[N].dump, [date].dumpstream and [date]-jvmRun[N].dumpstream.
[ERROR] -> [Help 1]
[ERROR] 
[ERROR] To see the full stack trace of the errors, re-run Maven with the -e switch.
[ERROR] Re-run Maven using the -X switch to enable full debug logging.
[ERROR] 
[ERROR] For more information about the errors and possible solutions, please read the following articles:
[ERROR] [Help 1] http://cwiki.apache.org/confluence/display/MAVEN/MojoFailureException
