
-------------------------------------------------------
 T E S T S
-------------------------------------------------------
OpenJDK 64-Bit Server VM warning: ignoring option MaxPermSize=256M; support was removed in 8.0
Running org.apache.hadoop.hive.llap.TestLlapOutputFormat
Tests run: 2, Failures: 0, Errors: 0, Skipped: 0, Time elapsed: 21.875 sec - in org.apache.hadoop.hive.llap.TestLlapOutputFormat
OpenJDK 64-Bit Server VM warning: ignoring option MaxPermSize=256M; support was removed in 8.0
Running org.apache.hadoop.hive.ql.tool.TestLineageInfo
Tests run: 5, Failures: 0, Errors: 0, Skipped: 0, Time elapsed: 1.975 sec - in org.apache.hadoop.hive.ql.tool.TestLineageInfo
OpenJDK 64-Bit Server VM warning: ignoring option MaxPermSize=256M; support was removed in 8.0
Running org.apache.hadoop.hive.ql.udaf.TestStreamingAvg
Tests run: 8, Failures: 0, Errors: 0, Skipped: 0, Time elapsed: 1.069 sec - in org.apache.hadoop.hive.ql.udaf.TestStreamingAvg
OpenJDK 64-Bit Server VM warning: ignoring option MaxPermSize=256M; support was removed in 8.0
Running org.apache.hadoop.hive.ql.udaf.TestStreamingMax
Tests run: 10, Failures: 0, Errors: 0, Skipped: 0, Time elapsed: 1.09 sec - in org.apache.hadoop.hive.ql.udaf.TestStreamingMax
OpenJDK 64-Bit Server VM warning: ignoring option MaxPermSize=256M; support was removed in 8.0
Running org.apache.hadoop.hive.ql.udaf.TestStreamingSum
Tests run: 21, Failures: 0, Errors: 0, Skipped: 0, Time elapsed: 1.189 sec - in org.apache.hadoop.hive.ql.udaf.TestStreamingSum
OpenJDK 64-Bit Server VM warning: ignoring option MaxPermSize=256M; support was removed in 8.0
Running org.apache.hadoop.hive.ql.udaf.TestStreamingMin
Tests run: 10, Failures: 0, Errors: 0, Skipped: 0, Time elapsed: 1.067 sec - in org.apache.hadoop.hive.ql.udaf.TestStreamingMin
OpenJDK 64-Bit Server VM warning: ignoring option MaxPermSize=256M; support was removed in 8.0
Running org.apache.hadoop.hive.ql.TestTxnCommands2WithSplitUpdateAndVectorization
Tests run: 43, Failures: 0, Errors: 1, Skipped: 8, Time elapsed: 507.601 sec <<< FAILURE! - in org.apache.hadoop.hive.ql.TestTxnCommands2WithSplitUpdateAndVectorization
testNonAcidToAcidConversion02(org.apache.hadoop.hive.ql.TestTxnCommands2WithSplitUpdateAndVectorization)  Time elapsed: 9.732 sec  <<< ERROR!
java.lang.RuntimeException: update nonAcidOrcTbl set b = 120 where a = 0 and b = 12 failed: (2,FAILED: Execution Error, return code 2 from org.apache.hadoop.hive.ql.exec.mr.MapRedTask,08S01)
	at org.apache.hadoop.hive.ql.TestTxnCommands2.runStatementOnDriver(TestTxnCommands2.java:1837)
	at org.apache.hadoop.hive.ql.TestTxnCommands2.testNonAcidToAcidConversion02(TestTxnCommands2.java:412)
	at sun.reflect.NativeMethodAccessorImpl.invoke0(Native Method)
	at sun.reflect.NativeMethodAccessorImpl.invoke(NativeMethodAccessorImpl.java:62)
	at sun.reflect.DelegatingMethodAccessorImpl.invoke(DelegatingMethodAccessorImpl.java:43)
	at java.lang.reflect.Method.invoke(Method.java:498)
	at org.junit.runners.model.FrameworkMethod$1.runReflectiveCall(FrameworkMethod.java:47)
	at org.junit.internal.runners.model.ReflectiveCallable.run(ReflectiveCallable.java:12)
	at org.junit.runners.model.FrameworkMethod.invokeExplosively(FrameworkMethod.java:44)
	at org.junit.internal.runners.statements.InvokeMethod.evaluate(InvokeMethod.java:17)
	at org.junit.internal.runners.statements.RunBefores.evaluate(RunBefores.java:26)
	at org.junit.internal.runners.statements.RunAfters.evaluate(RunAfters.java:27)
	at org.junit.rules.ExpectedException$ExpectedExceptionStatement.evaluate(ExpectedException.java:168)
	at org.junit.rules.TestWatcher$1.evaluate(TestWatcher.java:55)
	at org.junit.rules.RunRules.evaluate(RunRules.java:20)
	at org.junit.runners.ParentRunner.runLeaf(ParentRunner.java:271)
	at org.junit.runners.BlockJUnit4ClassRunner.runChild(BlockJUnit4ClassRunner.java:70)
	at org.junit.runners.BlockJUnit4ClassRunner.runChild(BlockJUnit4ClassRunner.java:50)
	at org.junit.runners.ParentRunner$3.run(ParentRunner.java:238)
	at org.junit.runners.ParentRunner$1.schedule(ParentRunner.java:63)
	at org.junit.runners.ParentRunner.runChildren(ParentRunner.java:236)
	at org.junit.runners.ParentRunner.access$000(ParentRunner.java:53)
	at org.junit.runners.ParentRunner$2.evaluate(ParentRunner.java:229)
	at org.junit.runners.ParentRunner.run(ParentRunner.java:309)
	at org.apache.maven.surefire.junit4.JUnit4Provider.execute(JUnit4Provider.java:283)
	at org.apache.maven.surefire.junit4.JUnit4Provider.executeWithRerun(JUnit4Provider.java:173)
	at org.apache.maven.surefire.junit4.JUnit4Provider.executeTestSet(JUnit4Provider.java:153)
	at org.apache.maven.surefire.junit4.JUnit4Provider.invoke(JUnit4Provider.java:128)
	at org.apache.maven.surefire.booter.ForkedBooter.invokeProviderInSameClassLoader(ForkedBooter.java:203)
	at org.apache.maven.surefire.booter.ForkedBooter.runSuitesInProcess(ForkedBooter.java:155)
	at org.apache.maven.surefire.booter.ForkedBooter.main(ForkedBooter.java:103)

OpenJDK 64-Bit Server VM warning: ignoring option MaxPermSize=256M; support was removed in 8.0
Running org.apache.hadoop.hive.ql.security.authorization.plugin.sqlstd.TestSQLStdHiveAccessControllerHS2
Tests run: 3, Failures: 0, Errors: 0, Skipped: 0, Time elapsed: 2.512 sec - in org.apache.hadoop.hive.ql.security.authorization.plugin.sqlstd.TestSQLStdHiveAccessControllerHS2
OpenJDK 64-Bit Server VM warning: ignoring option MaxPermSize=256M; support was removed in 8.0
Running org.apache.hadoop.hive.ql.security.authorization.plugin.sqlstd.TestSQLStdHiveAccessControllerCLI
Tests run: 2, Failures: 0, Errors: 0, Skipped: 0, Time elapsed: 2.311 sec - in org.apache.hadoop.hive.ql.security.authorization.plugin.sqlstd.TestSQLStdHiveAccessControllerCLI
OpenJDK 64-Bit Server VM warning: ignoring option MaxPermSize=256M; support was removed in 8.0
Running org.apache.hadoop.hive.ql.security.authorization.plugin.TestHiveOperationType
Tests run: 1, Failures: 0, Errors: 0, Skipped: 0, Time elapsed: 0.014 sec - in org.apache.hadoop.hive.ql.security.authorization.plugin.TestHiveOperationType

Results :

Tests in error: 
  TestTxnCommands2WithSplitUpdateAndVectorization>TestTxnCommands2.testNonAcidToAcidConversion02:412->TestTxnCommands2.runStatementOnDriver:1837 ? Runtime

Tests run: 105, Failures: 0, Errors: 1, Skipped: 8

[INFO] ------------------------------------------------------------------------
[INFO] BUILD FAILURE
[INFO] ------------------------------------------------------------------------
[INFO] Total time: 9:31.251s
[INFO] Finished at: Thu May 30 19:22:28 UTC 2019
[INFO] Final Memory: 113M/3970M
[INFO] ------------------------------------------------------------------------
[ERROR] Failed to execute goal org.apache.maven.plugins:maven-surefire-plugin:2.18.1:test (default-test) on project hive-exec: There are test failures.
[ERROR] 
[ERROR] Please refer to /home/dtestuser/hive/ql/target/surefire-reports for the individual test results.
[ERROR] -> [Help 1]
[ERROR] 
[ERROR] To see the full stack trace of the errors, re-run Maven with the -e switch.
[ERROR] Re-run Maven using the -X switch to enable full debug logging.
[ERROR] 
[ERROR] For more information about the errors and possible solutions, please read the following articles:
[ERROR] [Help 1] http://cwiki.apache.org/confluence/display/MAVEN/MojoFailureException
